# JRE version: Java(TM) SE Runtime Environment (8.0_101-b13) (build 1.8.0_101-b13)
# Java VM: Java HotSpot(TM) 64-Bit Server VM (25.101-b13 mixed mode windows-amd64 compressed oops)
Heap:
 PSYoungGen      total 359424K, used 157778K [0x00000000e0000000, 0x00000000ff980000, 0x0000000100000000)
  eden space 212992K, 47% used [0x00000000e0000000,0x00000000e63d6e58,0x00000000ed000000)
  from space 146432K, 37% used [0x00000000ed000000,0x00000000f063dcf8,0x00000000f5f00000)
  to   space 138752K, 0% used [0x00000000f7200000,0x00000000f7200000,0x00000000ff980000)
 ParOldGen       total 714240K, used 260375K [0x00000000a0000000, 0x00000000cb980000, 0x00000000e0000000)
  object space 714240K, 36% used [0x00000000a0000000,0x00000000afe45fb8,0x00000000cb980000)
 Metaspace       used 76259K, capacity 81582K, committed 81920K, reserved 1120256K
  class space    used 9656K, capacity 10262K, committed 10496K, reserved 1048576K
GC Heap History (10 events):
Event: 23463.285 GC heap before
{Heap before GC invocations=210 (full 31):
 PSYoungGen      total 388608K, used 343997K [0x00000000e0000000, 0x0000000100000000, 0x0000000100000000)
  eden space 262144K, 100% used [0x00000000e0000000,0x00000000f0000000,0x00000000f0000000)
  from space 126464K, 64% used [0x00000000f8480000,0x00000000fd46f400,0x0000000100000000)
  to   space 131072K, 0% used [0x00000000f0000000,0x00000000f0000000,0x00000000f8000000)
 ParOldGen       total 714240K, used 209918K [0x00000000a0000000, 0x00000000cb980000, 0x00000000e0000000)
  object space 714240K, 29% used [0x00000000a0000000,0x00000000accff8e8,0x00000000cb980000)
 Metaspace       used 76256K, capacity 81582K, committed 81920K, reserved 1120256K
  class space    used 9656K, capacity 10262K, committed 10496K, reserved 1048576K
Event: 23463.473 GC heap after
Heap after GC invocations=210 (full 31):
 PSYoungGen      total 368128K, used 105909K [0x00000000e0000000, 0x0000000100000000, 0x0000000100000000)
  eden space 262144K, 0% used [0x00000000e0000000,0x00000000e0000000,0x00000000f0000000)
  from space 105984K, 99% used [0x00000000f0000000,0x00000000f676d4f0,0x00000000f6780000)
  to   space 143872K, 0% used [0x00000000f7380000,0x00000000f7380000,0x0000000100000000)
 ParOldGen       total 714240K, used 210270K [0x00000000a0000000, 0x00000000cb980000, 0x00000000e0000000)
  object space 714240K, 29% used [0x00000000a0000000,0x00000000acd578e8,0x00000000cb980000)
 Metaspace       used 76256K, capacity 81582K, committed 81920K, reserved 1120256K
  class space    used 9656K, capacity 10262K, committed 10496K, reserved 1048576K
}
Event: 23463.775 GC heap before
{Heap before GC invocations=211 (full 31):
 PSYoungGen      total 368128K, used 368053K [0x00000000e0000000, 0x0000000100000000, 0x0000000100000000)
  eden space 262144K, 100% used [0x00000000e0000000,0x00000000f0000000,0x00000000f0000000)
  from space 105984K, 99% used [0x00000000f0000000,0x00000000f676d4f0,0x00000000f6780000)
  to   space 143872K, 0% used [0x00000000f7380000,0x00000000f7380000,0x0000000100000000)
 ParOldGen       total 714240K, used 210270K [0x00000000a0000000, 0x00000000cb980000, 0x00000000e0000000)
  object space 714240K, 29% used [0x00000000a0000000,0x00000000acd578e8,0x00000000cb980000)
 Metaspace       used 76257K, capacity 81582K, committed 81920K, reserved 1120256K
  class space    used 9656K, capacity 10262K, committed 10496K, reserved 1048576K
Event: 23464.078 GC heap after
Heap after GC invocations=211 (full 31):
 PSYoungGen      total 347648K, used 125302K [0x00000000e0000000, 0x0000000100000000, 0x0000000100000000)
  eden space 203776K, 0% used [0x00000000e0000000,0x00000000e0000000,0x00000000ec700000)
  from space 143872K, 87% used [0x00000000f7380000,0x00000000feddd8f8,0x0000000100000000)
  to   space 160256K, 0% used [0x00000000ec700000,0x00000000ec700000,0x00000000f6380000)
 ParOldGen       total 714240K, used 226424K [0x00000000a0000000, 0x00000000cb980000, 0x00000000e0000000)
  object space 714240K, 31% used [0x00000000a0000000,0x00000000add1e030,0x00000000cb980000)
 Metaspace       used 76257K, capacity 81582K, committed 81920K, reserved 1120256K
  class space    used 9656K, capacity 10262K, committed 10496K, reserved 1048576K
}
Event: 23464.436 GC heap before
{Heap before GC invocations=212 (full 31):
 PSYoungGen      total 347648K, used 329078K [0x00000000e0000000, 0x0000000100000000, 0x0000000100000000)
  eden space 203776K, 100% used [0x00000000e0000000,0x00000000ec700000,0x00000000ec700000)
  from space 143872K, 87% used [0x00000000f7380000,0x00000000feddd8f8,0x0000000100000000)
  to   space 160256K, 0% used [0x00000000ec700000,0x00000000ec700000,0x00000000f6380000)
 ParOldGen       total 714240K, used 226424K [0x00000000a0000000, 0x00000000cb980000, 0x00000000e0000000)
  object space 714240K, 31% used [0x00000000a0000000,0x00000000add1e030,0x00000000cb980000)
 Metaspace       used 76257K, capacity 81582K, committed 81920K, reserved 1120256K
  class space    used 9656K, capacity 10262K, committed 10496K, reserved 1048576K
Event: 23464.586 GC heap after
Heap after GC invocations=212 (full 31):
 PSYoungGen      total 364032K, used 62830K [0x00000000e0000000, 0x00000000ffe00000, 0x0000000100000000)
  eden space 203776K, 0% used [0x00000000e0000000,0x00000000e0000000,0x00000000ec700000)
  from space 160256K, 39% used [0x00000000ec700000,0x00000000f045bb48,0x00000000f6380000)
  to   space 151040K, 0% used [0x00000000f6a80000,0x00000000f6a80000,0x00000000ffe00000)
 ParOldGen       total 714240K, used 240567K [0x00000000a0000000, 0x00000000cb980000, 0x00000000e0000000)
  object space 714240K, 33% used [0x00000000a0000000,0x00000000aeaedd20,0x00000000cb980000)
 Metaspace       used 76257K, capacity 81582K, committed 81920K, reserved 1120256K
  class space    used 9656K, capacity 10262K, committed 10496K, reserved 1048576K
}
Event: 23464.885 GC heap before
{Heap before GC invocations=213 (full 31):
 PSYoungGen      total 364032K, used 266606K [0x00000000e0000000, 0x00000000ffe00000, 0x0000000100000000)
  eden space 203776K, 100% used [0x00000000e0000000,0x00000000ec700000,0x00000000ec700000)
  from space 160256K, 39% used [0x00000000ec700000,0x00000000f045bb48,0x00000000f6380000)
  to   space 151040K, 0% used [0x00000000f6a80000,0x00000000f6a80000,0x00000000ffe00000)
 ParOldGen       total 714240K, used 240567K [0x00000000a0000000, 0x00000000cb980000, 0x00000000e0000000)
  object space 714240K, 33% used [0x00000000a0000000,0x00000000aeaedd20,0x00000000cb980000)
 Metaspace       used 76258K, capacity 81582K, committed 81920K, reserved 1120256K
  class space    used 9656K, capacity 10262K, committed 10496K, reserved 1048576K
Event: 23464.999 GC heap after
Heap after GC invocations=213 (full 31):
 PSYoungGen      total 347648K, used 38157K [0x00000000e0000000, 0x00000000fee00000, 0x0000000100000000)
  eden space 212992K, 0% used [0x00000000e0000000,0x00000000e0000000,0x00000000ed000000)
  from space 134656K, 28% used [0x00000000f6a80000,0x00000000f8fc3788,0x00000000fee00000)
  to   space 146432K, 0% used [0x00000000ed000000,0x00000000ed000000,0x00000000f5f00000)
 ParOldGen       total 714240K, used 253521K [0x00000000a0000000, 0x00000000cb980000, 0x00000000e0000000)
  object space 714240K, 35% used [0x00000000a0000000,0x00000000af794418,0x00000000cb980000)
 Metaspace       used 76258K, capacity 81582K, committed 81920K, reserved 1120256K
  class space    used 9656K, capacity 10262K, committed 10496K, reserved 1048576K
}
Event: 23465.336 GC heap before
{Heap before GC invocations=214 (full 31):
 PSYoungGen      total 347648K, used 251149K [0x00000000e0000000, 0x00000000fee00000, 0x0000000100000000)
  eden space 212992K, 100% used [0x00000000e0000000,0x00000000ed000000,0x00000000ed000000)
  from space 134656K, 28% used [0x00000000f6a80000,0x00000000f8fc3788,0x00000000fee00000)
  to   space 146432K, 0% used [0x00000000ed000000,0x00000000ed000000,0x00000000f5f00000)
 ParOldGen       total 714240K, used 253521K [0x00000000a0000000, 0x00000000cb980000, 0x00000000e0000000)
  object space 714240K, 35% used [0x00000000a0000000,0x00000000af794418,0x00000000cb980000)
 Metaspace       used 76258K, capacity 81582K, committed 81920K, reserved 1120256K
  class space    used 9656K, capacity 10262K, committed 10496K, reserved 1048576K
Event: 23465.429 GC heap after
Heap after GC invocations=214 (full 31):
 PSYoungGen      total 359424K, used 55543K [0x00000000e0000000, 0x00000000ff980000, 0x0000000100000000)
  eden space 212992K, 0% used [0x00000000e0000000,0x00000000e0000000,0x00000000ed000000)
  from space 146432K, 37% used [0x00000000ed000000,0x00000000f063dcf8,0x00000000f5f00000)
  to   space 138752K, 0% used [0x00000000f7200000,0x00000000f7200000,0x00000000ff980000)
 ParOldGen       total 714240K, used 260375K [0x00000000a0000000, 0x00000000cb980000, 0x00000000e0000000)
  object space 714240K, 36% used [0x00000000a0000000,0x00000000afe45fb8,0x00000000cb980000)
 Metaspace       used 76258K, capacity 81582K, committed 81920K, reserved 1120256K
  class space    used 9656K, capacity 10262K, committed 10496K, reserved 1048576K
}

